              	; --------------------------------------
              	; zasm: assemble "hello.asm"
              	; date: 2017-05-14 12:03:36
              	; --------------------------------------


              	
              	    include "sna_header.asm"
              	; *****************************************************************************************
              	; *****************************************************************************************
              	;
              	;                       SNA Header - variant of the provided example.
              	;
              	; *****************************************************************************************
              	; *****************************************************************************************
              	
              	#target sna
              	
              	; *****************************************************************************************
              	;
              	;                               saved registers, restored in NMI
              	;
              	; *****************************************************************************************
              	
0000:         	#code HEAD, 0, 27
0000: 3F      	    defb    $3f             ; i
0001: 0000    	    defw    0               ; hl'
0003: 0000    	    defw    0               ; de'
0005: 0000    	    defw    0               ; bc'
0007: 0000    	    defw    0               ; af'
              	
0009: 0000    	    defw    0               ; hl
000B: 0000    	    defw    0               ; de
000D: 0000    	    defw    0               ; bc
000F: 0000    	    defw    0               ; iy
0011: 0000    	    defw    0               ; ix
              	
0013: 00      	    defb    0<<2            ; bit 2 = iff2 (iff1 before nmi) 0=di, 1=ei
0014: 000000  	    defb    0,0,0           ; r,f,a
0017: 0F5B    	    defw    __stackEnd      ; sp
0019: 01      	    defb    1               ; irpt mode
001A: 00      	    defb    0               ; border color: 0=black ... 7=white
              	
              	; *****************************************************************************************
              	;
              	;                   $4000-$7FFF. Pixel Memory, Attribute Memory, Slow RAM
              	;
              	; *****************************************************************************************
              	
4000:         	#code SLOW_RAM, 0x4000, 0x4000
              	
4000:         	VideoMemory:
4000: 00000000	    defs    0x1800
4004: 00...   	
5800:         	AttributeMemory:
5800: 00000000	    defs    0x300
5804: 00...   	
5B00:         	EndVideoMemory:
              	;
              	;   Boot. We fill video RAM with random stuff just so we know we are working.
              	;
5B00:         	__bootSNA:
5B00: 210040  	    ld      hl,VideoMemory
5B03:         	__setupAttribute:
5B03: ED5F    	    ld      a,r
5B05: 77      	    ld      (hl),a
5B06: 23      	    inc     hl
5B07: 7C      	    ld      a,h
5B08: FE5B    	    cp      EndVideoMemory/256
5B0A: 20F7    	    jr      nz,__setupAttribute
5B0C: C30080  	    jp      start
              	
              	
              	; *****************************************************************************************
              	;
              	;                            $8000-$FFFF. Non contentious memory
              	;
              	; *****************************************************************************************
              	
              	
              	
5B0F:         	__stackEnd:   
5B0F: 005B    	    defw    __bootSNA
              	
8000:         	#code FAST_RAM, 0x8000, 0x8000
              	
              	
              	
              	
8000:         	start:
8000: 0680    	    ld      b,0x80
8002:         	loop2:
8002: 18FE    	    jr      loop2
8004: 210040  	    ld      hl,0x4000
8007:         	loop1:
8007: 78      	    ld      a,b
8008: 77      	    ld      (hl),a
8009: 2C      	    inc     l    
800A: 20FB    	    jr nz,  loop1
800C: 24      	    inc     h
800D: 7C      	    ld      a,h
800E: FE58    	    cp      0x58
8010: 20F5    	    jr      nz,loop1
8012: 0E00    	    ld      c,0
8014:         	wait1:
8014: 0D      	    dec     c
8015: 20FD    	    jr      nz,wait1
8017: 04      	    inc     b
8018: C30280  	    jp      loop2
              	    


total time: 0.0003 sec.
no errors
